{
  "stats": {
    "suites": 2,
    "tests": 6,
    "passes": 1,
    "pending": 5,
    "failures": 0,
    "start": "2017-03-26T02:46:44.083Z",
    "end": "2017-03-26T02:46:44.130Z",
    "duration": 47,
    "testsRegistered": 6,
    "passPercent": 100,
    "pendingPercent": 83.3,
    "other": 0,
    "hasOther": false,
    "skipped": 0,
    "hasSkipped": false,
    "passPercentClass": "success",
    "pendingPercentClass": "success"
  },
  "suites": {
    "title": "",
    "suites": [
      {
        "title": "Authentication",
        "suites": [],
        "tests": [
          {
            "title": "Agent can login to the web portal",
            "fullTitle": "Authentication Agent can login to the web portal",
            "timedOut": false,
            "duration": 16,
            "state": "passed",
            "speed": "fast",
            "pass": true,
            "fail": false,
            "pending": false,
            "code": "var nightmare = Nightmare();\nnightmare\n  .goto('https://kiboengage.kibosupport.com/')\n  .wait('#root > div > div > div.pre-header > div > div > div.col-md-6.col-sm-6.additional-nav > ul > li:nth-child(1) > a')\n  .click('#root > div > div > div.pre-header > div > div > div.col-md-6.col-sm-6.additional-nav > ul > li:nth-child(1) > a')\n  .wait('#root > div > div > div > div.mainBody > div > div.col-md-9.col-sm-9 > div > div > div > form > div:nth-child(1) > input')\n  .type('#root > div > div > div > div.mainBody > div > div.col-md-9.col-sm-9 > div > div > div > form > div:nth-child(1) > input', 'cloudkibo')\n  .wait('#root > div > div > div > div.mainBody > div > div.col-md-9.col-sm-9 > div > div > div > form > div:nth-child(2) > input')\n  .type('#root > div > div > div > div.mainBody > div > div.col-md-9.col-sm-9 > div > div > div > form > div:nth-child(2) > input', 'jekram@hotmail.com')\n  .wait('#root > div > div > div > div.mainBody > div > div.col-md-9.col-sm-9 > div > div > div > form > div:nth-child(3) > input')\n  .type('#root > div > div > div > div.mainBody > div > div.col-md-9.col-sm-9 > div > div > div > form > div:nth-child(3) > input', 'jawaid')\n  .wait('#root > div > div > div > div.mainBody > div > div.col-md-9.col-sm-9 > div > div > div > form > button')\n  .click('#root > div > div > div > div.mainBody > div > div.col-md-9.col-sm-9 > div > div > div > form > button')\n  .wait('#root > div > div > div.page-container > div.page-content-wrapper > div > h1')\n  .evaluate(function(){\n    return document.querySelector('#root > div > div > div.page-container > div.page-content-wrapper > div > h1');\n  })\n  .end()\n  .then(function (result) {\n    console.log(result)\n    'dsad'.should().equal('Dashboard');\n    done();\n  })",
            "err": {},
            "isRoot": false,
            "uuid": "6302cc6f-3565-452e-bbf5-67299d378c1a",
            "parentUUID": "77cf915f-1a22-4328-acd9-253eda36d69b",
            "skipped": false
          },
          {
            "title": "Client can login for a new session",
            "fullTitle": "Authentication Client can login for a new session",
            "timedOut": false,
            "duration": 0,
            "pass": false,
            "fail": false,
            "pending": true,
            "code": "",
            "err": {},
            "isRoot": false,
            "uuid": "2f326d14-9ad6-4190-a9c9-14a50518bad4",
            "parentUUID": "77cf915f-1a22-4328-acd9-253eda36d69b",
            "skipped": false
          }
        ],
        "pending": [
          {
            "title": "Client can login for a new session",
            "fullTitle": "Authentication Client can login for a new session",
            "timedOut": false,
            "duration": 0,
            "pass": false,
            "fail": false,
            "pending": true,
            "code": "",
            "err": {},
            "isRoot": false,
            "uuid": "2f326d14-9ad6-4190-a9c9-14a50518bad4",
            "parentUUID": "77cf915f-1a22-4328-acd9-253eda36d69b",
            "skipped": false
          }
        ],
        "root": false,
        "_timeout": 2000,
        "file": "\\test.js",
        "uuid": "77cf915f-1a22-4328-acd9-253eda36d69b",
        "fullFile": "C:\\Users\\coder\\Documents\\Projects\\KiboEngageTest\\test.js",
        "passes": [
          {
            "title": "Agent can login to the web portal",
            "fullTitle": "Authentication Agent can login to the web portal",
            "timedOut": false,
            "duration": 16,
            "state": "passed",
            "speed": "fast",
            "pass": true,
            "fail": false,
            "pending": false,
            "code": "var nightmare = Nightmare();\nnightmare\n  .goto('https://kiboengage.kibosupport.com/')\n  .wait('#root > div > div > div.pre-header > div > div > div.col-md-6.col-sm-6.additional-nav > ul > li:nth-child(1) > a')\n  .click('#root > div > div > div.pre-header > div > div > div.col-md-6.col-sm-6.additional-nav > ul > li:nth-child(1) > a')\n  .wait('#root > div > div > div > div.mainBody > div > div.col-md-9.col-sm-9 > div > div > div > form > div:nth-child(1) > input')\n  .type('#root > div > div > div > div.mainBody > div > div.col-md-9.col-sm-9 > div > div > div > form > div:nth-child(1) > input', 'cloudkibo')\n  .wait('#root > div > div > div > div.mainBody > div > div.col-md-9.col-sm-9 > div > div > div > form > div:nth-child(2) > input')\n  .type('#root > div > div > div > div.mainBody > div > div.col-md-9.col-sm-9 > div > div > div > form > div:nth-child(2) > input', 'jekram@hotmail.com')\n  .wait('#root > div > div > div > div.mainBody > div > div.col-md-9.col-sm-9 > div > div > div > form > div:nth-child(3) > input')\n  .type('#root > div > div > div > div.mainBody > div > div.col-md-9.col-sm-9 > div > div > div > form > div:nth-child(3) > input', 'jawaid')\n  .wait('#root > div > div > div > div.mainBody > div > div.col-md-9.col-sm-9 > div > div > div > form > button')\n  .click('#root > div > div > div > div.mainBody > div > div.col-md-9.col-sm-9 > div > div > div > form > button')\n  .wait('#root > div > div > div.page-container > div.page-content-wrapper > div > h1')\n  .evaluate(function(){\n    return document.querySelector('#root > div > div > div.page-container > div.page-content-wrapper > div > h1');\n  })\n  .end()\n  .then(function (result) {\n    console.log(result)\n    'dsad'.should().equal('Dashboard');\n    done();\n  })",
            "err": {},
            "isRoot": false,
            "uuid": "6302cc6f-3565-452e-bbf5-67299d378c1a",
            "parentUUID": "77cf915f-1a22-4328-acd9-253eda36d69b",
            "skipped": false
          }
        ],
        "failures": [],
        "skipped": [],
        "hasTests": true,
        "hasSuites": false,
        "totalTests": 2,
        "totalPasses": 1,
        "totalFailures": 0,
        "totalPending": 1,
        "totalSkipped": 0,
        "hasPasses": true,
        "hasFailures": false,
        "hasPending": true,
        "hasSkipped": false,
        "duration": 16,
        "rootEmpty": false
      },
      {
        "title": "Chat Session",
        "suites": [],
        "tests": [
          {
            "title": "Client should be able to send chat message",
            "fullTitle": "Chat Session Client should be able to send chat message",
            "timedOut": false,
            "duration": 0,
            "pass": false,
            "fail": false,
            "pending": true,
            "code": "",
            "err": {},
            "isRoot": false,
            "uuid": "5fa2461c-2a36-4d69-b4ab-6378848844d2",
            "parentUUID": "cfa87d89-7851-4939-8137-8728892add7f",
            "skipped": false
          },
          {
            "title": "Client should be able to receive chat message",
            "fullTitle": "Chat Session Client should be able to receive chat message",
            "timedOut": false,
            "duration": 0,
            "pass": false,
            "fail": false,
            "pending": true,
            "code": "",
            "err": {},
            "isRoot": false,
            "uuid": "053a4ff6-3db9-4a30-9a88-edc693b20168",
            "parentUUID": "cfa87d89-7851-4939-8137-8728892add7f",
            "skipped": false
          },
          {
            "title": "Agent should be able to send chat message",
            "fullTitle": "Chat Session Agent should be able to send chat message",
            "timedOut": false,
            "duration": 0,
            "pass": false,
            "fail": false,
            "pending": true,
            "code": "",
            "err": {},
            "isRoot": false,
            "uuid": "d0973eb6-e21b-418b-891e-c5c34134b341",
            "parentUUID": "cfa87d89-7851-4939-8137-8728892add7f",
            "skipped": false
          },
          {
            "title": "Agent should be able to receive chat message",
            "fullTitle": "Chat Session Agent should be able to receive chat message",
            "timedOut": false,
            "duration": 0,
            "pass": false,
            "fail": false,
            "pending": true,
            "code": "",
            "err": {},
            "isRoot": false,
            "uuid": "b062faba-99a2-4683-83fb-7b434b1469a4",
            "parentUUID": "cfa87d89-7851-4939-8137-8728892add7f",
            "skipped": false
          }
        ],
        "pending": [
          {
            "title": "Client should be able to send chat message",
            "fullTitle": "Chat Session Client should be able to send chat message",
            "timedOut": false,
            "duration": 0,
            "pass": false,
            "fail": false,
            "pending": true,
            "code": "",
            "err": {},
            "isRoot": false,
            "uuid": "5fa2461c-2a36-4d69-b4ab-6378848844d2",
            "parentUUID": "cfa87d89-7851-4939-8137-8728892add7f",
            "skipped": false
          },
          {
            "title": "Client should be able to receive chat message",
            "fullTitle": "Chat Session Client should be able to receive chat message",
            "timedOut": false,
            "duration": 0,
            "pass": false,
            "fail": false,
            "pending": true,
            "code": "",
            "err": {},
            "isRoot": false,
            "uuid": "053a4ff6-3db9-4a30-9a88-edc693b20168",
            "parentUUID": "cfa87d89-7851-4939-8137-8728892add7f",
            "skipped": false
          },
          {
            "title": "Agent should be able to send chat message",
            "fullTitle": "Chat Session Agent should be able to send chat message",
            "timedOut": false,
            "duration": 0,
            "pass": false,
            "fail": false,
            "pending": true,
            "code": "",
            "err": {},
            "isRoot": false,
            "uuid": "d0973eb6-e21b-418b-891e-c5c34134b341",
            "parentUUID": "cfa87d89-7851-4939-8137-8728892add7f",
            "skipped": false
          },
          {
            "title": "Agent should be able to receive chat message",
            "fullTitle": "Chat Session Agent should be able to receive chat message",
            "timedOut": false,
            "duration": 0,
            "pass": false,
            "fail": false,
            "pending": true,
            "code": "",
            "err": {},
            "isRoot": false,
            "uuid": "b062faba-99a2-4683-83fb-7b434b1469a4",
            "parentUUID": "cfa87d89-7851-4939-8137-8728892add7f",
            "skipped": false
          }
        ],
        "root": false,
        "_timeout": 2000,
        "file": "\\test.js",
        "uuid": "cfa87d89-7851-4939-8137-8728892add7f",
        "fullFile": "C:\\Users\\coder\\Documents\\Projects\\KiboEngageTest\\test.js",
        "passes": [],
        "failures": [],
        "skipped": [],
        "hasTests": true,
        "hasSuites": false,
        "totalTests": 4,
        "totalPasses": 0,
        "totalFailures": 0,
        "totalPending": 4,
        "totalSkipped": 0,
        "hasPasses": false,
        "hasFailures": false,
        "hasPending": true,
        "hasSkipped": false,
        "duration": 0,
        "rootEmpty": false
      }
    ],
    "tests": [],
    "pending": [],
    "root": true,
    "_timeout": 2000,
    "uuid": "810bf8da-c9e0-4556-990c-5635e7809ed2",
    "fullFile": "",
    "file": "",
    "passes": [],
    "failures": [],
    "skipped": [],
    "hasTests": false,
    "hasSuites": true,
    "totalTests": 0,
    "totalPasses": 0,
    "totalFailures": 0,
    "totalPending": 0,
    "totalSkipped": 0,
    "hasPasses": false,
    "hasFailures": false,
    "hasPending": false,
    "hasSkipped": false,
    "duration": 0,
    "rootEmpty": true
  },
  "allTests": [
    {
      "title": "Agent can login to the web portal",
      "fullTitle": "Authentication Agent can login to the web portal",
      "timedOut": false,
      "duration": 16,
      "state": "passed",
      "speed": "fast",
      "pass": true,
      "fail": false,
      "pending": false,
      "code": "var nightmare = Nightmare();\nnightmare\n  .goto('https://kiboengage.kibosupport.com/')\n  .wait('#root > div > div > div.pre-header > div > div > div.col-md-6.col-sm-6.additional-nav > ul > li:nth-child(1) > a')\n  .click('#root > div > div > div.pre-header > div > div > div.col-md-6.col-sm-6.additional-nav > ul > li:nth-child(1) > a')\n  .wait('#root > div > div > div > div.mainBody > div > div.col-md-9.col-sm-9 > div > div > div > form > div:nth-child(1) > input')\n  .type('#root > div > div > div > div.mainBody > div > div.col-md-9.col-sm-9 > div > div > div > form > div:nth-child(1) > input', 'cloudkibo')\n  .wait('#root > div > div > div > div.mainBody > div > div.col-md-9.col-sm-9 > div > div > div > form > div:nth-child(2) > input')\n  .type('#root > div > div > div > div.mainBody > div > div.col-md-9.col-sm-9 > div > div > div > form > div:nth-child(2) > input', 'jekram@hotmail.com')\n  .wait('#root > div > div > div > div.mainBody > div > div.col-md-9.col-sm-9 > div > div > div > form > div:nth-child(3) > input')\n  .type('#root > div > div > div > div.mainBody > div > div.col-md-9.col-sm-9 > div > div > div > form > div:nth-child(3) > input', 'jawaid')\n  .wait('#root > div > div > div > div.mainBody > div > div.col-md-9.col-sm-9 > div > div > div > form > button')\n  .click('#root > div > div > div > div.mainBody > div > div.col-md-9.col-sm-9 > div > div > div > form > button')\n  .wait('#root > div > div > div.page-container > div.page-content-wrapper > div > h1')\n  .evaluate(function(){\n    return document.querySelector('#root > div > div > div.page-container > div.page-content-wrapper > div > h1');\n  })\n  .end()\n  .then(function (result) {\n    console.log(result)\n    'dsad'.should().equal('Dashboard');\n    done();\n  })",
      "err": {},
      "isRoot": false,
      "uuid": "6302cc6f-3565-452e-bbf5-67299d378c1a",
      "parentUUID": "77cf915f-1a22-4328-acd9-253eda36d69b",
      "skipped": false
    },
    {
      "title": "Client can login for a new session",
      "fullTitle": "Authentication Client can login for a new session",
      "timedOut": false,
      "duration": 0,
      "pass": false,
      "fail": false,
      "pending": true,
      "code": "",
      "err": {},
      "isRoot": false,
      "uuid": "2f326d14-9ad6-4190-a9c9-14a50518bad4",
      "parentUUID": "77cf915f-1a22-4328-acd9-253eda36d69b",
      "skipped": false
    },
    {
      "title": "Client should be able to send chat message",
      "fullTitle": "Chat Session Client should be able to send chat message",
      "timedOut": false,
      "duration": 0,
      "pass": false,
      "fail": false,
      "pending": true,
      "code": "",
      "err": {},
      "isRoot": false,
      "uuid": "5fa2461c-2a36-4d69-b4ab-6378848844d2",
      "parentUUID": "cfa87d89-7851-4939-8137-8728892add7f",
      "skipped": false
    },
    {
      "title": "Client should be able to receive chat message",
      "fullTitle": "Chat Session Client should be able to receive chat message",
      "timedOut": false,
      "duration": 0,
      "pass": false,
      "fail": false,
      "pending": true,
      "code": "",
      "err": {},
      "isRoot": false,
      "uuid": "053a4ff6-3db9-4a30-9a88-edc693b20168",
      "parentUUID": "cfa87d89-7851-4939-8137-8728892add7f",
      "skipped": false
    },
    {
      "title": "Agent should be able to send chat message",
      "fullTitle": "Chat Session Agent should be able to send chat message",
      "timedOut": false,
      "duration": 0,
      "pass": false,
      "fail": false,
      "pending": true,
      "code": "",
      "err": {},
      "isRoot": false,
      "uuid": "d0973eb6-e21b-418b-891e-c5c34134b341",
      "parentUUID": "cfa87d89-7851-4939-8137-8728892add7f",
      "skipped": false
    },
    {
      "title": "Agent should be able to receive chat message",
      "fullTitle": "Chat Session Agent should be able to receive chat message",
      "timedOut": false,
      "duration": 0,
      "pass": false,
      "fail": false,
      "pending": true,
      "code": "",
      "err": {},
      "isRoot": false,
      "uuid": "b062faba-99a2-4683-83fb-7b434b1469a4",
      "parentUUID": "cfa87d89-7851-4939-8137-8728892add7f",
      "skipped": false
    }
  ],
  "allPending": [
    {
      "title": "Client can login for a new session",
      "fullTitle": "Authentication Client can login for a new session",
      "timedOut": false,
      "duration": 0,
      "pass": false,
      "fail": false,
      "pending": true,
      "code": "",
      "err": {},
      "isRoot": false,
      "uuid": "2f326d14-9ad6-4190-a9c9-14a50518bad4",
      "parentUUID": "77cf915f-1a22-4328-acd9-253eda36d69b",
      "skipped": false
    },
    {
      "title": "Client should be able to send chat message",
      "fullTitle": "Chat Session Client should be able to send chat message",
      "timedOut": false,
      "duration": 0,
      "pass": false,
      "fail": false,
      "pending": true,
      "code": "",
      "err": {},
      "isRoot": false,
      "uuid": "5fa2461c-2a36-4d69-b4ab-6378848844d2",
      "parentUUID": "cfa87d89-7851-4939-8137-8728892add7f",
      "skipped": false
    },
    {
      "title": "Client should be able to receive chat message",
      "fullTitle": "Chat Session Client should be able to receive chat message",
      "timedOut": false,
      "duration": 0,
      "pass": false,
      "fail": false,
      "pending": true,
      "code": "",
      "err": {},
      "isRoot": false,
      "uuid": "053a4ff6-3db9-4a30-9a88-edc693b20168",
      "parentUUID": "cfa87d89-7851-4939-8137-8728892add7f",
      "skipped": false
    },
    {
      "title": "Agent should be able to send chat message",
      "fullTitle": "Chat Session Agent should be able to send chat message",
      "timedOut": false,
      "duration": 0,
      "pass": false,
      "fail": false,
      "pending": true,
      "code": "",
      "err": {},
      "isRoot": false,
      "uuid": "d0973eb6-e21b-418b-891e-c5c34134b341",
      "parentUUID": "cfa87d89-7851-4939-8137-8728892add7f",
      "skipped": false
    },
    {
      "title": "Agent should be able to receive chat message",
      "fullTitle": "Chat Session Agent should be able to receive chat message",
      "timedOut": false,
      "duration": 0,
      "pass": false,
      "fail": false,
      "pending": true,
      "code": "",
      "err": {},
      "isRoot": false,
      "uuid": "b062faba-99a2-4683-83fb-7b434b1469a4",
      "parentUUID": "cfa87d89-7851-4939-8137-8728892add7f",
      "skipped": false
    }
  ],
  "allPasses": [
    {
      "title": "Agent can login to the web portal",
      "fullTitle": "Authentication Agent can login to the web portal",
      "timedOut": false,
      "duration": 16,
      "state": "passed",
      "speed": "fast",
      "pass": true,
      "fail": false,
      "pending": false,
      "code": "var nightmare = Nightmare();\nnightmare\n  .goto('https://kiboengage.kibosupport.com/')\n  .wait('#root > div > div > div.pre-header > div > div > div.col-md-6.col-sm-6.additional-nav > ul > li:nth-child(1) > a')\n  .click('#root > div > div > div.pre-header > div > div > div.col-md-6.col-sm-6.additional-nav > ul > li:nth-child(1) > a')\n  .wait('#root > div > div > div > div.mainBody > div > div.col-md-9.col-sm-9 > div > div > div > form > div:nth-child(1) > input')\n  .type('#root > div > div > div > div.mainBody > div > div.col-md-9.col-sm-9 > div > div > div > form > div:nth-child(1) > input', 'cloudkibo')\n  .wait('#root > div > div > div > div.mainBody > div > div.col-md-9.col-sm-9 > div > div > div > form > div:nth-child(2) > input')\n  .type('#root > div > div > div > div.mainBody > div > div.col-md-9.col-sm-9 > div > div > div > form > div:nth-child(2) > input', 'jekram@hotmail.com')\n  .wait('#root > div > div > div > div.mainBody > div > div.col-md-9.col-sm-9 > div > div > div > form > div:nth-child(3) > input')\n  .type('#root > div > div > div > div.mainBody > div > div.col-md-9.col-sm-9 > div > div > div > form > div:nth-child(3) > input', 'jawaid')\n  .wait('#root > div > div > div > div.mainBody > div > div.col-md-9.col-sm-9 > div > div > div > form > button')\n  .click('#root > div > div > div > div.mainBody > div > div.col-md-9.col-sm-9 > div > div > div > form > button')\n  .wait('#root > div > div > div.page-container > div.page-content-wrapper > div > h1')\n  .evaluate(function(){\n    return document.querySelector('#root > div > div > div.page-container > div.page-content-wrapper > div > h1');\n  })\n  .end()\n  .then(function (result) {\n    console.log(result)\n    'dsad'.should().equal('Dashboard');\n    done();\n  })",
      "err": {},
      "isRoot": false,
      "uuid": "6302cc6f-3565-452e-bbf5-67299d378c1a",
      "parentUUID": "77cf915f-1a22-4328-acd9-253eda36d69b",
      "skipped": false
    }
  ],
  "allFailures": [],
  "copyrightYear": 2017
}